2026-06-11 18:23:22,209 - INFO - Access token created for user 1
2026-06-11 19:30:02,459 - INFO - Attempting to register user: joaquim@bras.com
2026-06-11 19:30:02,655 - INFO - User registered successfully: joaquim@bras.com
2026-06-11 19:30:02,827 - INFO - Access token created for user 1
2026-06-11 19:30:02,828 - INFO - Token generated for new user: joaquim@bras.com
2026-06-11 19:30:43,658 - INFO - Loggin attempt for user: joaquim@bras.com
2026-06-11 19:30:43,841 - INFO - Access token created for user 1
2026-06-11 19:30:43,841 - INFO - User logged in successfully: joaquim@bras.com
2026-06-11 20:11:14,398 - INFO - Attempting to register user: string
2026-06-11 20:11:14,596 - INFO - User registered successfully: string
2026-06-11 20:11:14,765 - INFO - Access token created for user 1
2026-06-11 20:11:14,765 - INFO - Token generated for new user: string
2026-06-15 18:31:45,604 - INFO - Attempting to register user: admin@admin.com
2026-06-15 18:31:45,803 - INFO - User 1 registered successfully
2026-06-15 18:31:45,803 - INFO - User registered successfully: admin@admin.com
2026-06-15 18:31:45,975 - INFO - User 1 authenticated successfully
2026-06-15 18:31:45,975 - INFO - Access token created for user 1
2026-06-15 18:31:45,976 - INFO - User 1 logged in successfully
2026-06-15 18:31:45,976 - INFO - Token generated for new user: admin@admin.com
2026-06-17 20:39:21,015 - INFO - Attempting to register user: test@test.com
2026-06-17 20:39:21,215 - INFO - User 1 registered successfully
2026-06-17 20:39:21,215 - INFO - User registered successfully: test@test.com
2026-06-17 20:39:21,383 - INFO - User 1 authenticated successfully
2026-06-17 20:39:21,383 - INFO - Access token created for user 1
2026-06-17 20:39:21,383 - INFO - User 1 logged in successfully
2026-06-17 20:39:21,383 - INFO - Token generated for new user: test@test.com
2026-06-17 20:39:21,391 - INFO - Authenticated user 1 via token
2026-06-17 20:39:21,391 - INFO - Fetching profile for user: test@test.com
2026-06-17 20:39:21,391 - INFO - User 1 fetched profile
2026-06-17 20:39:21,648 - INFO - Authenticated user 1 via token
2026-06-17 20:39:21,648 - INFO - User 1 requested all tasks
2026-06-17 20:39:21,650 - INFO - User 1 fetched 0 tasks
2026-06-17 20:39:59,014 - INFO - Authenticated user 1 via token
2026-06-17 20:39:59,014 - INFO - Attempting to create task for user: test@test.com | Title: Test
2026-06-17 20:39:59,019 - INFO - Task 1 created for user 1
2026-06-17 20:39:59,019 - INFO - Task created successfully (ID: 1) by user: test@test.com
2026-06-17 20:40:00,859 - INFO - Authenticated user 1 via token
2026-06-17 20:40:00,860 - INFO - User 1 requested all agendas
2026-06-17 20:40:00,861 - INFO - User 1 fetched 0 agendas
2026-06-17 20:41:22,385 - INFO - Authenticated user 1 via token
2026-06-17 20:41:22,385 - INFO - User 1 requested all tasks
2026-06-17 20:41:22,386 - INFO - User 1 fetched 1 tasks
2026-06-17 20:41:25,204 - INFO - Authenticated user 1 via token
2026-06-17 20:41:25,205 - INFO - User 1 requested all tasks
2026-06-17 20:41:25,206 - INFO - User 1 fetched 1 tasks
2026-06-17 20:41:26,747 - INFO - Authenticated user 1 via token
2026-06-17 20:41:26,748 - INFO - User 1 requested all tasks
2026-06-17 20:41:26,749 - INFO - User 1 fetched 1 tasks
2026-06-17 20:41:27,904 - INFO - Authenticated user 1 via token
2026-06-17 20:41:27,904 - INFO - User 1 requested all tasks
2026-06-17 20:41:27,906 - INFO - User 1 fetched 1 tasks
2026-06-17 20:41:34,385 - INFO - Authenticated user 1 via token
2026-06-17 20:41:34,385 - INFO - User 1 requested all agendas
2026-06-17 20:41:34,386 - INFO - User 1 fetched 0 agendas
2026-06-17 20:41:56,336 - INFO - Loggin attempt for user: test@test.com
2026-06-17 20:41:56,519 - INFO - User 1 authenticated successfully
2026-06-17 20:41:56,520 - INFO - Access token created for user 1
2026-06-17 20:41:56,520 - INFO - User 1 logged in successfully
2026-06-17 20:41:56,520 - INFO - User logged in successfully: test@test.com
2026-06-17 20:41:56,525 - INFO - Authenticated user 1 via token
2026-06-17 20:41:56,525 - INFO - Fetching profile for user: test@test.com
2026-06-17 20:41:56,525 - INFO - User 1 fetched profile
2026-06-17 20:41:56,550 - INFO - Authenticated user 1 via token
2026-06-17 20:41:56,550 - INFO - User 1 requested all tasks
2026-06-17 20:41:56,552 - INFO - User 1 fetched 1 tasks
2026-06-17 20:42:11,862 - INFO - Loggin attempt for user: test@test.com
2026-06-17 20:42:12,062 - WARNING - Login failed: incorrect password for email test@test.com
2026-06-17 20:42:12,062 - ERROR - Unexpected error occurred while attempting to login
Traceback (most recent call last):
  File "/app/app/routers/auth_router.py", line 40, in login_route
    token = login_user(db, data.email, data.password)
            ^^^^^^^^^^^^^^^^^^^^^^^^^^^^^^^^^^^^^^^^^
  File "/app/app/services/auth_service.py", line 111, in login_user
    user = authenticate_user(db, email, password)
           ^^^^^^^^^^^^^^^^^^^^^^^^^^^^^^^^^^^^^^
  File "/app/app/services/auth_service.py", line 70, in authenticate_user
    raise ValidationError("Invalid email or password")
app.core.exceptions.ValidationError: Invalid email or password
2026-06-17 20:42:19,166 - INFO - Loggin attempt for user: test@test.com
2026-06-17 20:42:19,344 - INFO - User 1 authenticated successfully
2026-06-17 20:42:19,345 - INFO - Access token created for user 1
2026-06-17 20:42:19,345 - INFO - User 1 logged in successfully
2026-06-17 20:42:19,345 - INFO - User logged in successfully: test@test.com
2026-06-17 20:42:19,350 - INFO - Authenticated user 1 via token
2026-06-17 20:42:19,350 - INFO - Fetching profile for user: test@test.com
2026-06-17 20:42:19,350 - INFO - User 1 fetched profile
2026-06-17 20:42:19,373 - INFO - Authenticated user 1 via token
2026-06-17 20:42:19,373 - INFO - User 1 requested all tasks
2026-06-17 20:42:19,374 - INFO - User 1 fetched 1 tasks
2026-06-17 20:42:21,371 - INFO - Authenticated user 1 via token
2026-06-17 20:42:21,372 - INFO - User 1 requested all agendas
2026-06-17 20:42:21,373 - INFO - User 1 fetched 0 agendas
2026-06-17 20:42:22,123 - INFO - Authenticated user 1 via token
2026-06-17 20:42:22,123 - INFO - User 1 requested all notes
2026-06-17 20:42:22,126 - INFO - User 1 fetched 0 notepads
2026-06-17 20:42:22,941 - INFO - Authenticated user 1 via token
2026-06-17 20:42:22,942 - INFO - User 1 requested all files
2026-06-17 20:42:22,944 - INFO - User 1 fetched 0 files
2026-06-17 20:42:53,995 - INFO - Authenticated user 1 via token
2026-06-17 20:42:53,995 - INFO - Attempting to delete file ID 1781728957896 for user: test@test.com
2026-06-17 20:42:53,996 - ERROR - Unexpected error occurred while deleting file ID 1781728957896
Traceback (most recent call last):
  File "/app/.venv/lib/python3.12/site-packages/sqlalchemy/engine/base.py", line 1969, in _exec_single_context
    self.dialect.do_execute(
  File "/app/.venv/lib/python3.12/site-packages/sqlalchemy/engine/default.py", line 952, in do_execute
    cursor.execute(statement, parameters)
  File "/app/.venv/lib/python3.12/site-packages/psycopg/cursor.py", line 117, in execute
    raise ex.with_traceback(None)
psycopg.errors.NumericValueOutOfRange: integer out of range

The above exception was the direct cause of the following exception:

Traceback (most recent call last):
  File "/app/app/routers/file_router.py", line 86, in delete_file_route
    delete_file(db, file_id, current_user)
  File "/app/app/services/file_service.py", line 72, in delete_file
    file = get_file_by_id(db, file_id, current_user)
           ^^^^^^^^^^^^^^^^^^^^^^^^^^^^^^^^^^^^^^^^^
  File "/app/app/services/file_service.py", line 27, in get_file_by_id
    file = db.get(File, file_id)
           ^^^^^^^^^^^^^^^^^^^^^
  File "/app/.venv/lib/python3.12/site-packages/sqlalchemy/orm/session.py", line 3701, in get
    return self._get_impl(
           ^^^^^^^^^^^^^^^
  File "/app/.venv/lib/python3.12/site-packages/sqlalchemy/orm/session.py", line 3880, in _get_impl
    return db_load_fn(
           ^^^^^^^^^^^
  File "/app/.venv/lib/python3.12/site-packages/sqlalchemy/orm/loading.py", line 695, in load_on_pk_identity
    session.execute(
  File "/app/.venv/lib/python3.12/site-packages/sqlmodel/orm/session.py", line 129, in execute
    return super().execute(
           ^^^^^^^^^^^^^^^^
  File "/app/.venv/lib/python3.12/site-packages/sqlalchemy/orm/session.py", line 2372, in execute
    return self._execute_internal(
           ^^^^^^^^^^^^^^^^^^^^^^^
  File "/app/.venv/lib/python3.12/site-packages/sqlalchemy/orm/session.py", line 2270, in _execute_internal
    result: Result[Any] = compile_state_cls.orm_execute_statement(
                          ^^^^^^^^^^^^^^^^^^^^^^^^^^^^^^^^^^^^^^^^
  File "/app/.venv/lib/python3.12/site-packages/sqlalchemy/orm/context.py", line 306, in orm_execute_statement
    result = conn.execute(
             ^^^^^^^^^^^^^
  File "/app/.venv/lib/python3.12/site-packages/sqlalchemy/engine/base.py", line 1421, in execute
    return meth(
           ^^^^^
  File "/app/.venv/lib/python3.12/site-packages/sqlalchemy/sql/elements.py", line 526, in _execute_on_connection
    return connection._execute_clauseelement(
           ^^^^^^^^^^^^^^^^^^^^^^^^^^^^^^^^^^
  File "/app/.venv/lib/python3.12/site-packages/sqlalchemy/engine/base.py", line 1643, in _execute_clauseelement
    ret = self._execute_context(
          ^^^^^^^^^^^^^^^^^^^^^^
  File "/app/.venv/lib/python3.12/site-packages/sqlalchemy/engine/base.py", line 1848, in _execute_context
    return self._exec_single_context(
           ^^^^^^^^^^^^^^^^^^^^^^^^^^
  File "/app/.venv/lib/python3.12/site-packages/sqlalchemy/engine/base.py", line 1988, in _exec_single_context
    self._handle_dbapi_exception(
  File "/app/.venv/lib/python3.12/site-packages/sqlalchemy/engine/base.py", line 2365, in _handle_dbapi_exception
    raise sqlalchemy_exception.with_traceback(exc_info[2]) from e
  File "/app/.venv/lib/python3.12/site-packages/sqlalchemy/engine/base.py", line 1969, in _exec_single_context
    self.dialect.do_execute(
  File "/app/.venv/lib/python3.12/site-packages/sqlalchemy/engine/default.py", line 952, in do_execute
    cursor.execute(statement, parameters)
  File "/app/.venv/lib/python3.12/site-packages/psycopg/cursor.py", line 117, in execute
    raise ex.with_traceback(None)
sqlalchemy.exc.DataError: (psycopg.errors.NumericValueOutOfRange) integer out of range
[SQL: SELECT files.id AS files_id, files.filename AS files_filename, files.filepath AS files_filepath, files.category AS files_category, files.user_id AS files_user_id 
FROM files 
WHERE files.id = %(pk_1)s::INTEGER]
[parameters: {'pk_1': 1781728957896}]
(Background on this error at: https://sqlalche.me/e/20/9h9h)
2026-06-17 20:42:56,416 - INFO - Authenticated user 1 via token
2026-06-17 20:42:56,417 - INFO - User 1 requested all notes
2026-06-17 20:42:56,417 - INFO - User 1 fetched 0 notepads
2026-06-17 20:42:57,168 - INFO - Authenticated user 1 via token
2026-06-17 20:42:57,169 - INFO - User 1 requested all agendas
2026-06-17 20:42:57,171 - INFO - User 1 fetched 0 agendas
2026-06-17 20:42:58,336 - INFO - Authenticated user 1 via token
2026-06-17 20:42:58,336 - INFO - User 1 requested all tasks
2026-06-17 20:42:58,339 - INFO - User 1 fetched 1 tasks
2026-06-17 20:43:14,439 - INFO - Authenticated user 1 via token
2026-06-17 20:43:14,440 - INFO - Attempting to update task ID 1 for user: test@test.com
2026-06-17 20:43:14,443 - INFO - Task 1 updated for user 1
2026-06-17 20:43:14,443 - INFO - Task ID 1 updated successfully by user: test@test.com
2026-06-17 20:43:16,610 - INFO - Authenticated user 1 via token
2026-06-17 20:43:16,611 - INFO - User 1 requested all tasks
2026-06-17 20:43:16,612 - INFO - User 1 fetched 1 tasks
2026-06-17 20:43:21,419 - INFO - Authenticated user 1 via token
2026-06-17 20:43:21,420 - INFO - Attempting to update task ID 1 for user: test@test.com
2026-06-17 20:43:21,425 - INFO - Task 1 updated for user 1
2026-06-17 20:43:21,426 - INFO - Task ID 1 updated successfully by user: test@test.com
2026-06-17 20:43:28,022 - INFO - Authenticated user 1 via token
2026-06-17 20:43:28,023 - INFO - User 1 requested all tasks
2026-06-17 20:43:28,024 - INFO - User 1 fetched 1 tasks
2026-06-17 20:43:29,549 - INFO - Authenticated user 1 via token
2026-06-17 20:43:29,550 - INFO - Attempting to update task ID 1 for user: test@test.com
2026-06-17 20:43:29,555 - INFO - Task 1 updated for user 1
2026-06-17 20:43:29,556 - INFO - Task ID 1 updated successfully by user: test@test.com
2026-06-17 20:43:30,022 - INFO - Authenticated user 1 via token
2026-06-17 20:43:30,022 - INFO - User 1 requested all tasks
2026-06-17 20:43:30,024 - INFO - User 1 fetched 1 tasks
2026-06-17 20:47:34,604 - INFO - Authenticated user 1 via token
2026-06-17 20:47:34,605 - INFO - User 1 requested all agendas
2026-06-17 20:47:34,607 - INFO - User 1 fetched 0 agendas
2026-06-17 20:47:42,699 - INFO - Authenticated user 1 via token
2026-06-17 20:47:42,699 - INFO - User 1 requested all notes
2026-06-17 20:47:42,701 - INFO - User 1 fetched 0 notepads
2026-06-17 20:47:46,475 - INFO - Authenticated user 1 via token
2026-06-17 20:47:46,476 - INFO - User 1 requested all files
2026-06-17 20:47:46,478 - INFO - User 1 fetched 0 files
2026-06-17 20:50:39,670 - INFO - Loggin attempt for user: test@test.com
2026-06-17 20:50:39,676 - WARNING - Login failed: email test@test.com not found
2026-06-17 20:50:39,676 - ERROR - Unexpected error occurred while attempting to login
Traceback (most recent call last):
  File "/app/app/routers/auth_router.py", line 40, in login_route
    token = login_user(db, data.email, data.password)
            ^^^^^^^^^^^^^^^^^^^^^^^^^^^^^^^^^^^^^^^^^
  File "/app/app/services/auth_service.py", line 111, in login_user
    user = authenticate_user(db, email, password)
           ^^^^^^^^^^^^^^^^^^^^^^^^^^^^^^^^^^^^^^
  File "/app/app/services/auth_service.py", line 66, in authenticate_user
    raise ValidationError("Invalid email or password")
app.core.exceptions.ValidationError: Invalid email or password
2026-06-17 20:51:19,212 - ERROR - Token user 1 not found in database
2026-06-17 20:51:30,770 - ERROR - Token user 1 not found in database
2026-06-17 20:51:49,108 - ERROR - Token user 1 not found in database
2026-06-17 20:52:10,637 - INFO - Attempting to register user: test@test.com
2026-06-17 20:52:10,837 - INFO - User 1 registered successfully
2026-06-17 20:52:10,837 - INFO - User registered successfully: test@test.com
2026-06-17 20:52:11,006 - INFO - User 1 authenticated successfully
2026-06-17 20:52:11,006 - INFO - Access token created for user 1
2026-06-17 20:52:11,006 - INFO - User 1 logged in successfully
2026-06-17 20:52:11,006 - INFO - Token generated for new user: test@test.com
2026-06-17 20:52:11,012 - INFO - Authenticated user 1 via token
2026-06-17 20:52:11,013 - INFO - Fetching profile for user: test@test.com
2026-06-17 20:52:11,013 - INFO - User 1 fetched profile
2026-06-17 20:52:11,036 - INFO - Authenticated user 1 via token
2026-06-17 20:52:11,036 - INFO - User 1 requested all tasks
2026-06-17 20:52:11,038 - INFO - User 1 fetched 0 tasks
2026-06-17 20:52:19,593 - INFO - Authenticated user 1 via token
2026-06-17 20:52:19,593 - INFO - Attempting to create task for user: test@test.com | Title: test
2026-06-17 20:52:19,599 - INFO - Task 1 created for user 1
2026-06-17 20:52:19,599 - INFO - Task created successfully (ID: 1) by user: test@test.com
2026-06-17 20:52:37,307 - INFO - Authenticated user 1 via token
2026-06-17 20:52:37,308 - INFO - Attempting to update task ID 1 for user: test@test.com
2026-06-17 20:52:37,310 - INFO - Task 1 updated for user 1
2026-06-17 20:52:37,310 - INFO - Task ID 1 updated successfully by user: test@test.com
2026-06-17 20:52:37,991 - INFO - Authenticated user 1 via token
2026-06-17 20:52:37,991 - INFO - User 1 requested all tasks
2026-06-17 20:52:37,993 - INFO - User 1 fetched 1 tasks
2026-06-17 20:52:39,877 - INFO - Authenticated user 1 via token
2026-06-17 20:52:39,878 - INFO - Attempting to update task ID 1 for user: test@test.com
2026-06-17 20:52:39,882 - INFO - Task 1 updated for user 1
2026-06-17 20:52:39,883 - INFO - Task ID 1 updated successfully by user: test@test.com
2026-06-17 20:52:40,182 - INFO - Authenticated user 1 via token
2026-06-17 20:52:40,183 - INFO - User 1 requested all tasks
2026-06-17 20:52:40,185 - INFO - User 1 fetched 1 tasks
2026-06-17 20:52:41,435 - INFO - Authenticated user 1 via token
2026-06-17 20:52:41,436 - INFO - Attempting to update task ID 1 for user: test@test.com
2026-06-17 20:52:41,440 - INFO - Task 1 updated for user 1
2026-06-17 20:52:41,440 - INFO - Task ID 1 updated successfully by user: test@test.com
2026-06-17 20:52:41,519 - INFO - Authenticated user 1 via token
2026-06-17 20:52:41,520 - INFO - User 1 requested all tasks
2026-06-17 20:52:41,522 - INFO - User 1 fetched 1 tasks
2026-06-17 20:52:44,263 - INFO - Authenticated user 1 via token
2026-06-17 20:52:44,264 - INFO - Attempting to update task ID 1 for user: test@test.com
2026-06-17 20:52:44,270 - INFO - Task 1 updated for user 1
2026-06-17 20:52:44,270 - INFO - Task ID 1 updated successfully by user: test@test.com
2026-06-17 20:52:44,465 - INFO - Authenticated user 1 via token
2026-06-17 20:52:44,465 - INFO - User 1 requested all tasks
2026-06-17 20:52:44,466 - INFO - User 1 fetched 1 tasks
2026-06-17 20:52:55,219 - INFO - Authenticated user 1 via token
2026-06-17 20:52:55,220 - INFO - Attempting to create task for user: test@test.com | Title: test
2026-06-17 20:52:55,223 - INFO - Task 2 created for user 1
2026-06-17 20:52:55,223 - INFO - Task created successfully (ID: 2) by user: test@test.com
2026-06-17 20:52:58,706 - INFO - Authenticated user 1 via token
2026-06-17 20:52:58,706 - INFO - User 1 requested all tasks
2026-06-17 20:52:58,707 - INFO - User 1 fetched 2 tasks
2026-06-17 20:53:03,236 - INFO - Authenticated user 1 via token
2026-06-17 20:53:03,237 - INFO - Attempting to delete task ID 2 for user: test@test.com
2026-06-17 20:53:03,246 - INFO - Task 2 deleted for user 1
2026-06-17 20:53:03,246 - INFO - Task ID 2 deleted successfully by user: test@test.com
2026-06-17 20:53:05,556 - INFO - Authenticated user 1 via token
2026-06-17 20:53:05,557 - INFO - Attempting to delete task ID 1 for user: test@test.com
2026-06-17 20:53:05,563 - INFO - Task 1 deleted for user 1
2026-06-17 20:53:05,563 - INFO - Task ID 1 deleted successfully by user: test@test.com
